<?xml version="1.0" encoding="UTF-8"?>
<!-- Generated by org.testng.reporters.JUnitReportReporter -->
<testsuite hostname="EPINHYDW0563" name="com.epam.unit.NewTest" tests="6" failures="0" timestamp="28 Oct 2016 09:03:25 GMT" time="0.016" errors="0">
  <testcase name="reverseSpaceSeparatedStrings" time="0.001" classname="com.epam.unit.NewTest"/>
  <testcase name="maintainingLength" time="0.008" classname="com.epam.unit.NewTest"/>
  <testcase name="reverseEmptyString" time="0.002" classname="com.epam.unit.NewTest"/>
  <testcase name="notANullString" time="0.001" classname="com.epam.unit.NewTest"/>
  <testcase name="returningString" time="0.002" classname="com.epam.unit.NewTest"/>
  <testcase name="reverse" time="0.002" classname="com.epam.unit.NewTest"/>
</testsuite> <!-- com.epam.unit.NewTest -->
