<?xml version="1.0" encoding="UTF-8"?>
<!-- Generated by org.testng.reporters.JUnitReportReporter -->
<testsuite hostname="EPINHYDW0563" name="com.epam.unit.Palindrome" tests="1" failures="0" timestamp="28 Oct 2016 09:45:09 GMT" time="0.008" errors="0">
  <testcase name="testDataType_String" time="0.008" classname="com.epam.unit.Palindrome"/>
</testsuite> <!-- com.epam.unit.Palindrome -->
